Available device is cuda of name NVIDIA GeForce GTX 1080

Closing the environment
Available device is cuda of name NVIDIA GeForce GTX 1080

[kris_env:trajgen] observation array shape (59, 178091)
Closing the environment
[rl_train] Training GAIL with 58 rollouts
[rl_train] Defining rewardnet
[rl_train] Entering GAIL training  
------------------------------------------
| raw/                        |          |
|    gen/rollout/ep_len_mean  | 300      |
|    gen/rollout/ep_rew_mean  | 0        |
|    gen/time/fps             | 0        |
|    gen/time/iterations      | 1        |
|    gen/time/time_elapsed    | 2205     |
|    gen/time/total_timesteps | 2048     |
------------------------------------------
--------------------------------------------------
| raw/                                |          |
|    disc/disc_acc                    | 0.5      |
|    disc/disc_acc_expert             | 1        |
|    disc/disc_acc_gen                | 0        |
|    disc/disc_entropy                | 0.688    |
|    disc/disc_loss                   | 0.693    |
|    disc/disc_proportion_expert_pred | 1        |
|    disc/disc_proportion_expert_true | 0.5      |
|    disc/global_step                 | 1        |
|    disc/n_expert                    | 58       |
|    disc/n_generated                 | 58       |
--------------------------------------------------
--------------------------------------------------
| raw/                                |          |
|    disc/disc_acc                    | 1        |
|    disc/disc_acc_expert             | 1        |
|    disc/disc_acc_gen                | 1        |
|    disc/disc_entropy                | 0.178    |
|    disc/disc_loss                   | 0.071    |
|    disc/disc_proportion_expert_pred | 0.5      |
|    disc/disc_proportion_expert_true | 0.5      |
|    disc/global_step                 | 1        |
|    disc/n_expert                    | 58       |
|    disc/n_generated                 | 58       |
--------------------------------------------------
--------------------------------------------------
| raw/                                |          |
|    disc/disc_acc                    | 1        |
|    disc/disc_acc_expert             | 1        |
|    disc/disc_acc_gen                | 1        |
|    disc/disc_entropy                | 0.0167   |
|    disc/disc_loss                   | 0.00441  |
|    disc/disc_proportion_expert_pred | 0.5      |
|    disc/disc_proportion_expert_true | 0.5      |
|    disc/global_step                 | 1        |
|    disc/n_expert                    | 58       |
|    disc/n_generated                 | 58       |
--------------------------------------------------
--------------------------------------------------
| raw/                                |          |
|    disc/disc_acc                    | 1        |
|    disc/disc_acc_expert             | 1        |
|    disc/disc_acc_gen                | 1        |
|    disc/disc_entropy                | 0.00599  |
|    disc/disc_loss                   | 0.0045   |
|    disc/disc_proportion_expert_pred | 0.5      |
|    disc/disc_proportion_expert_true | 0.5      |
|    disc/global_step                 | 1        |
|    disc/n_expert                    | 58       |
|    disc/n_generated                 | 58       |
--------------------------------------------------
--------------------------------------------------
| raw/                                |          |
|    disc/disc_acc                    | 0.974    |
|    disc/disc_acc_expert             | 1        |
|    disc/disc_acc_gen                | 0.948    |
|    disc/disc_entropy                | 0.00539  |
|    disc/disc_loss                   | 0.286    |
|    disc/disc_proportion_expert_pred | 0.526    |
|    disc/disc_proportion_expert_true | 0.5      |
|    disc/global_step                 | 1        |
|    disc/n_expert                    | 58       |
|    disc/n_generated                 | 58       |
--------------------------------------------------
--------------------------------------------------
| raw/                                |          |
|    disc/disc_acc                    | 1        |
|    disc/disc_acc_expert             | 1        |
|    disc/disc_acc_gen                | 1        |
|    disc/disc_entropy                | 0.00243  |
|    disc/disc_loss                   | 0.000616 |
|    disc/disc_proportion_expert_pred | 0.5      |
|    disc/disc_proportion_expert_true | 0.5      |
|    disc/global_step                 | 1        |
|    disc/n_expert                    | 58       |
|    disc/n_generated                 | 58       |
--------------------------------------------------
--------------------------------------------------
| raw/                                |          |
|    disc/disc_acc                    | 1        |
|    disc/disc_acc_expert             | 1        |
|    disc/disc_acc_gen                | 1        |
|    disc/disc_entropy                | 0.0003   |
|    disc/disc_loss                   | 4.86e-05 |
|    disc/disc_proportion_expert_pred | 0.5      |
|    disc/disc_proportion_expert_true | 0.5      |
|    disc/global_step                 | 1        |
|    disc/n_expert                    | 58       |
|    disc/n_generated                 | 58       |
--------------------------------------------------
--------------------------------------------------
| raw/                                |          |
|    disc/disc_acc                    | 1        |
|    disc/disc_acc_expert             | 1        |
|    disc/disc_acc_gen                | 1        |
|    disc/disc_entropy                | 6.41e-05 |
|    disc/disc_loss                   | 8.04e-06 |
|    disc/disc_proportion_expert_pred | 0.5      |
|    disc/disc_proportion_expert_true | 0.5      |
|    disc/global_step                 | 1        |
|    disc/n_expert                    | 58       |
|    disc/n_generated                 | 58       |
--------------------------------------------------
---------------------------------------------------
| mean/                               |           |
|    disc/disc_acc                    | 0.934     |
|    disc/disc_acc_expert             | 1         |
|    disc/disc_acc_gen                | 0.869     |
|    disc/disc_entropy                | 0.112     |
|    disc/disc_loss                   | 0.132     |
|    disc/disc_proportion_expert_pred | 0.566     |
|    disc/disc_proportion_expert_true | 0.5       |
|    disc/global_step                 | 1         |
|    disc/n_expert                    | 58        |
|    disc/n_generated                 | 58        |
|    gen/rollout/ep_len_mean          | 300       |
|    gen/rollout/ep_rew_mean          | 0         |
|    gen/time/fps                     | 0         |
|    gen/time/iterations              | 1         |
|    gen/time/time_elapsed            | 2.20e+03  |
|    gen/time/total_timesteps         | 2.05e+03  |
|    gen/train/approx_kl              | -8.73e-11 |
|    gen/train/clip_fraction          | 0         |
|    gen/train/clip_range             | 0.2       |
|    gen/train/entropy_loss           | -9.93     |
|    gen/train/explained_variance     | -4.29e-06 |
|    gen/train/learning_rate          | 0         |
|    gen/train/loss                   | 2.92e+09  |
|    gen/train/n_updates              | 5         |
|    gen/train/policy_gradient_loss   | 6.2e-09   |
|    gen/train/std                    | 1         |
|    gen/train/value_loss             | 4.07e+09  |
---------------------------------------------------
[rl_train] Training complete
